<?xml version="1.0" encoding="utf-8"?><testsuites name="pytest tests"><testsuite name="pytest" errors="0" failures="0" skipped="0" tests="13" time="5.331" timestamp="2026-08-29T07:15:43.545992+00:00" hostname="agent-env-1145b333-eef4-45c2-b0ed-9ec88689eced"><testcase classname="tests.backend_test.TestHealthAndConfig" name="test_feed" time="0.226" /><testcase classname="tests.backend_test.TestPasswordAuth" name="test_register_new_account" time="1.261" /><testcase classname="tests.backend_test.TestHealthAndConfig" name="test_energy_packages" time="0.071" /><testcase classname="tests.backend_test.TestHealthAndConfig" name="test_ctrader_config" time="0.073" /><testcase classname="tests.backend_test.TestHealthAndConfig" name="test_mayar_config" time="0.248" /><testcase classname="tests.backend_test.TestLLM" name="test_economic_event_answer" time="4.207" /><testcase classname="tests.backend_test.TestPasswordAuth" name="test_login_existing_account" time="0.384" /><testcase classname="tests.backend_test.TestPasswordAuth" name="test_login_wrong_password" time="0.273" /><testcase classname="tests.backend_test.TestPasswordAuth" name="test_short_password_rejected" time="0.070" /><testcase classname="tests.backend_test.TestPasswordAuth" name="test_invalid_email_rejected" time="0.071" /><testcase classname="tests.backend_test.TestPasswordAuth" name="test_register_without_consent_rejected" time="0.026" /><testcase classname="tests.backend_test.TestPasswordAuth" name="test_password_reset_request" time="0.523" /><testcase classname="tests.backend_test.TestPasswordAuth" name="test_user_persisted_via_login_endpoint" time="0.028" /></testsuite></testsuites>