<?xml version="1.0" encoding="utf-8"?><testsuites name="pytest tests"><testsuite name="pytest" errors="0" failures="0" skipped="0" tests="34" time="8.974" timestamp="2026-08-29T08:04:02.877045+00:00" hostname="agent-env-1145b333-eef4-45c2-b0ed-9ec88689eced"><testcase classname="tests.backend_test.TestPasswordAuth" name="test_register_new_account" time="1.006" /><testcase classname="tests.test_ctrader_shards.TestShardAssignmentsCollection" name="test_eight_lease_docs_with_future_expiry" time="0.110" /><testcase classname="tests.test_ctrader_shards.TestShardAssignmentsCollection" name="test_indexes_present[broker_positions-expected_keys0]" time="0.001" /><testcase classname="tests.test_ctrader_shards.TestShardAssignmentsCollection" name="test_indexes_present[broker_deals-expected_keys1]" time="0.001" /><testcase classname="tests.test_ctrader_shards.TestShardAssignmentsCollection" name="test_indexes_present[account_snapshots-expected_keys2]" time="0.001" /><testcase classname="tests.test_ctrader_shards.TestShardAssignmentsCollection" name="test_indexes_present[shard_assignments-expected_keys3]" time="0.001" /><testcase classname="tests.test_ctrader_shards.TestShardAssignmentsCollection" name="test_indexes_present[pending_auth-expected_keys4]" time="0.001" /><testcase classname="tests.test_ctrader_shards.TestShardAssignmentsCollection" name="test_unique_indexes" time="0.001" /><testcase classname="tests.test_ctrader_shards.TestShardsStatusEndpoint" name="test_top_level_shape" time="0.323" /><testcase classname="tests.test_ctrader_shards.TestShardsStatusEndpoint" name="test_each_shard_authenticated_and_live_host" time="0.150" /><testcase classname="tests.test_ctrader_shards.TestShardsStatusEndpoint" name="test_auth_scheduler_config" time="0.000" /><testcase classname="tests.test_ctrader_shards.TestShardsStatusEndpoint" name="test_mongo_writer_metrics_present" time="0.000" /><testcase classname="tests.test_ctrader_shards.TestShardsStatusEndpoint" name="test_no_mongo_object_id_leaked" time="0.001" /><testcase classname="tests.backend_test.TestHealthAndConfig" name="test_feed" time="0.069" /><testcase classname="tests.backend_test.TestHealthAndConfig" name="test_energy_packages" time="0.074" /><testcase classname="tests.backend_test.TestHealthAndConfig" name="test_ctrader_config" time="0.029" /><testcase classname="tests.backend_test.TestHealthAndConfig" name="test_mayar_config" time="0.071" /><testcase classname="tests.test_ctrader_shards.TestConsistentHashing" name="test_numeric_account_stable_and_expected" time="0.001" /><testcase classname="tests.test_ctrader_shards.TestConsistentHashing" name="test_prefixed_account_same_shard" time="0.000" /><testcase classname="tests.test_ctrader_shards.TestConsistentHashing" name="test_range_and_single_shard" time="0.000" /><testcase classname="tests.test_ctrader_shards.TestConsistentHashing" name="test_non_numeric_falls_back_to_md5_stable" time="0.000" /><testcase classname="tests.test_ctrader_shards.TestLegacyDiagnostics" name="test_connection_status" time="0.096" /><testcase classname="tests.test_ctrader_shards.TestLegacyDiagnostics" name="test_diagnostics_has_state_and_shards" time="0.038" /><testcase classname="tests.test_ctrader_shards.TestLegacyDiagnostics" name="test_health_broker_status" time="0.036" /><testcase classname="tests.backend_test.TestPasswordAuth" name="test_login_existing_account" time="0.292" /><testcase classname="tests.test_ctrader_shards.TestLegacyDiagnostics" name="test_config" time="0.246" /><testcase classname="tests.backend_test.TestLLM" name="test_economic_event_answer" time="6.546" /><testcase classname="tests.backend_test.TestPasswordAuth" name="test_login_wrong_password" time="1.710" /><testcase classname="tests.backend_test.TestPasswordAuth" name="test_short_password_rejected" time="0.030" /><testcase classname="tests.backend_test.TestPasswordAuth" name="test_invalid_email_rejected" time="0.072" /><testcase classname="tests.backend_test.TestPasswordAuth" name="test_register_without_consent_rejected" time="0.073" /><testcase classname="tests.backend_test.TestPasswordAuth" name="test_password_reset_request" time="2.094" /><testcase classname="tests.backend_test.TestPasswordAuth" name="test_user_persisted_via_login_endpoint" time="0.034" /><testcase classname="tests.test_ctrader_shards.TestMongoWriter" name="test_debounced_position_upsert" time="0.015" /></testsuite></testsuites>